2023-05-31 22:31:57 r5: begin
2023-05-31 22:31:57 r5: executing
2023-05-31 22:32:06 r5: checking
2023-05-31 22:32:06 r5: tocke=6
2023-05-31 22:32:06 r5: end
2023-05-31 23:07:01 r7: begin
2023-05-31 23:07:01 r7: executing
2023-05-31 23:07:11 r7: checking
2023-05-31 23:07:11 r7: tocke=10
2023-05-31 23:07:11 r7: end
2023-05-31 23:11:38 r9: begin
2023-05-31 23:11:38 r9: executing
2023-05-31 23:11:47 r9: checking
2023-05-31 23:11:48 r9: tocke=11
2023-05-31 23:11:48 r9: end
2023-05-31 23:29:02 r11: begin
2023-05-31 23:29:02 r11: executing
2023-05-31 23:29:11 r11: checking
2023-05-31 23:29:11 r11: tocke=12
2023-05-31 23:29:11 r11: end
2023-05-31 23:38:28 r13: begin
2023-05-31 23:38:28 r13: executing
2023-05-31 23:38:36 r13: checking
2023-05-31 23:38:37 r13: tocke=16
2023-05-31 23:38:37 r13: end
2023-05-31 23:43:29 r15: begin
2023-05-31 23:43:29 r15: executing
2023-05-31 23:43:38 r15: checking
2023-05-31 23:43:38 r15: tocke=16
2023-05-31 23:43:38 r15: end
2023-05-31 23:50:12 r17: begin
2023-05-31 23:50:12 r17: executing
2023-05-31 23:50:22 r17: checking
2023-05-31 23:50:22 r17: tocke=17
2023-05-31 23:50:22 r17: end
2023-05-31 23:57:02 r19: begin
2023-05-31 23:57:02 r19: executing
2023-05-31 23:57:11 r19: checking
2023-05-31 23:57:11 r19: tocke=17
2023-05-31 23:57:11 r19: end
2023-06-02 22:05:02 r21: begin
2023-06-02 22:05:02 r21: executing
2023-06-02 22:05:20 r21: checking
2023-06-02 22:05:21 r21: tocke=17
2023-06-02 22:05:21 r21: end
2023-06-02 23:00:02 r23: begin
2023-06-02 23:00:02 r23: executing
2023-06-02 23:00:20 r23: checking
2023-06-02 23:00:20 r23: tocke=17
2023-06-02 23:00:20 r23: end
2023-06-02 23:32:03 r25: begin
2023-06-02 23:32:03 r25: executing
2023-06-02 23:32:20 r25: checking
2023-06-02 23:32:21 r25: tocke=17
2023-06-02 23:32:21 r25: end
2023-06-02 23:47:02 r27: begin
2023-06-02 23:47:02 r27: executing
2023-06-02 23:47:11 r27: checking
2023-06-02 23:47:12 r27: tocke=17
2023-06-02 23:47:12 r27: end
2023-06-02 23:50:02 r29: begin
2023-06-02 23:50:03 r29: executing
2023-06-02 23:50:13 r29: checking
2023-06-02 23:50:13 r29: tocke=17
2023-06-02 23:50:13 r29: end
2023-06-02 23:54:02 r31: begin
2023-06-02 23:54:02 r31: executing
2023-06-02 23:54:12 r31: checking
2023-06-02 23:54:12 r31: tocke=18
2023-06-02 23:54:12 r31: end
2023-06-03 00:00:03 r33: begin
2023-06-03 00:00:03 r33: executing
2023-06-03 00:00:13 r33: checking
2023-06-03 00:00:14 r33: tocke=18
2023-06-03 00:00:14 r33: end
