Naloga1.c:53:5: warning: initialization from incompatible pointer type [-Wincompatible-pointer-types]
     ni_ukaz, help, status, moj_exit, name, print, echo, pid, ppid, dirchange, dirwhere, dirbase, dirmake, dirremove, dirlist, linkhard, linksoft,
     ^
Naloga1.c:53:5: note: (near initialization for 'tabela_kazalcev_funkcij_ukazov[0]')
Naloga1.c:53:14: warning: initialization from incompatible pointer type [-Wincompatible-pointer-types]
     ni_ukaz, help, status, moj_exit, name, print, echo, pid, ppid, dirchange, dirwhere, dirbase, dirmake, dirremove, dirlist, linkhard, linksoft,
              ^
Naloga1.c:53:14: note: (near initialization for 'tabela_kazalcev_funkcij_ukazov[1]')
Naloga1.c:53:20: warning: initialization from incompatible pointer type [-Wincompatible-pointer-types]
     ni_ukaz, help, status, moj_exit, name, print, echo, pid, ppid, dirchange, dirwhere, dirbase, dirmake, dirremove, dirlist, linkhard, linksoft,
                    ^
Naloga1.c:53:20: note: (near initialization for 'tabela_kazalcev_funkcij_ukazov[2]')
Naloga1.c:53:28: warning: initialization from incompatible pointer type [-Wincompatible-pointer-types]
     ni_ukaz, help, status, moj_exit, name, print, echo, pid, ppid, dirchange, dirwhere, dirbase, dirmake, dirremove, dirlist, linkhard, linksoft,
                            ^
Naloga1.c:53:28: note: (near initialization for 'tabela_kazalcev_funkcij_ukazov[3]')
Naloga1.c:53:38: warning: initialization from incompatible pointer type [-Wincompatible-pointer-types]
     ni_ukaz, help, status, moj_exit, name, print, echo, pid, ppid, dirchange, dirwhere, dirbase, dirmake, dirremove, dirlist, linkhard, linksoft,
                                      ^
Naloga1.c:53:38: note: (near initialization for 'tabela_kazalcev_funkcij_ukazov[4]')
Naloga1.c:53:44: warning: initialization from incompatible pointer type [-Wincompatible-pointer-types]
     ni_ukaz, help, status, moj_exit, name, print, echo, pid, ppid, dirchange, dirwhere, dirbase, dirmake, dirremove, dirlist, linkhard, linksoft,
                                            ^
Naloga1.c:53:44: note: (near initialization for 'tabela_kazalcev_funkcij_ukazov[5]')
Naloga1.c:53:51: warning: initialization from incompatible pointer type [-Wincompatible-pointer-types]
     ni_ukaz, help, status, moj_exit, name, print, echo, pid, ppid, dirchange, dirwhere, dirbase, dirmake, dirremove, dirlist, linkhard, linksoft,
                                                   ^
Naloga1.c:53:51: note: (near initialization for 'tabela_kazalcev_funkcij_ukazov[6]')
Naloga1.c:53:57: warning: initialization from incompatible pointer type [-Wincompatible-pointer-types]
     ni_ukaz, help, status, moj_exit, name, print, echo, pid, ppid, dirchange, dirwhere, dirbase, dirmake, dirremove, dirlist, linkhard, linksoft,
                                                         ^
Naloga1.c:53:57: note: (near initialization for 'tabela_kazalcev_funkcij_ukazov[7]')
Naloga1.c:53:62: warning: initialization from incompatible pointer type [-Wincompatible-pointer-types]
     ni_ukaz, help, status, moj_exit, name, print, echo, pid, ppid, dirchange, dirwhere, dirbase, dirmake, dirremove, dirlist, linkhard, linksoft,
                                                              ^
Naloga1.c:53:62: note: (near initialization for 'tabela_kazalcev_funkcij_ukazov[8]')
Naloga1.c:53:68: warning: initialization from incompatible pointer type [-Wincompatible-pointer-types]
     ni_ukaz, help, status, moj_exit, name, print, echo, pid, ppid, dirchange, dirwhere, dirbase, dirmake, dirremove, dirlist, linkhard, linksoft,
                                                                    ^
Naloga1.c:53:68: note: (near initialization for 'tabela_kazalcev_funkcij_ukazov[9]')
Naloga1.c:53:79: warning: initialization from incompatible pointer type [-Wincompatible-pointer-types]
     ni_ukaz, help, status, moj_exit, name, print, echo, pid, ppid, dirchange, dirwhere, dirbase, dirmake, dirremove, dirlist, linkhard, linksoft,
                                                                               ^
Naloga1.c:53:79: note: (near initialization for 'tabela_kazalcev_funkcij_ukazov[10]')
Naloga1.c:53:89: warning: initialization from incompatible pointer type [-Wincompatible-pointer-types]
     ni_ukaz, help, status, moj_exit, name, print, echo, pid, ppid, dirchange, dirwhere, dirbase, dirmake, dirremove, dirlist, linkhard, linksoft,
                                                                                         ^
Naloga1.c:53:89: note: (near initialization for 'tabela_kazalcev_funkcij_ukazov[11]')
Naloga1.c:53:98: warning: initialization from incompatible pointer type [-Wincompatible-pointer-types]
     ni_ukaz, help, status, moj_exit, name, print, echo, pid, ppid, dirchange, dirwhere, dirbase, dirmake, dirremove, dirlist, linkhard, linksoft,
                                                                                                  ^
Naloga1.c:53:98: note: (near initialization for 'tabela_kazalcev_funkcij_ukazov[12]')
Naloga1.c:53:107: warning: initialization from incompatible pointer type [-Wincompatible-pointer-types]
     ni_ukaz, help, status, moj_exit, name, print, echo, pid, ppid, dirchange, dirwhere, dirbase, dirmake, dirremove, dirlist, linkhard, linksoft,
                                                                                                           ^
Naloga1.c:53:107: note: (near initialization for 'tabela_kazalcev_funkcij_ukazov[13]')
Naloga1.c:53:118: warning: initialization from incompatible pointer type [-Wincompatible-pointer-types]
     ni_ukaz, help, status, moj_exit, name, print, echo, pid, ppid, dirchange, dirwhere, dirbase, dirmake, dirremove, dirlist, linkhard, linksoft,
                                                                                                                      ^
Naloga1.c:53:118: note: (near initialization for 'tabela_kazalcev_funkcij_ukazov[14]')
Naloga1.c:53:127: warning: initialization from incompatible pointer type [-Wincompatible-pointer-types]
     ni_ukaz, help, status, moj_exit, name, print, echo, pid, ppid, dirchange, dirwhere, dirbase, dirmake, dirremove, dirlist, linkhard, linksoft,
                                                                                                                               ^
Naloga1.c:53:127: note: (near initialization for 'tabela_kazalcev_funkcij_ukazov[15]')
Naloga1.c:53:137: warning: initialization from incompatible pointer type [-Wincompatible-pointer-types]
     ni_ukaz, help, status, moj_exit, name, print, echo, pid, ppid, dirchange, dirwhere, dirbase, dirmake, dirremove, dirlist, linkhard, linksoft,
                                                                                                                                         ^
Naloga1.c:53:137: note: (near initialization for 'tabela_kazalcev_funkcij_ukazov[16]')
Naloga1.c:54:5: warning: initialization from incompatible pointer type [-Wincompatible-pointer-types]
     linkread, linklist, moj_unlink, moj_rename, moj_remove, cpcat, sysinfo, shellinfo, proc, pids, pinfo, waitone, waitall, pipes, zunanji_ukaz
     ^
Naloga1.c:54:5: note: (near initialization for 'tabela_kazalcev_funkcij_ukazov[17]')
Naloga1.c:54:15: warning: initialization from incompatible pointer type [-Wincompatible-pointer-types]
     linkread, linklist, moj_unlink, moj_rename, moj_remove, cpcat, sysinfo, shellinfo, proc, pids, pinfo, waitone, waitall, pipes, zunanji_ukaz
               ^
Naloga1.c:54:15: note: (near initialization for 'tabela_kazalcev_funkcij_ukazov[18]')
Naloga1.c:54:25: warning: initialization from incompatible pointer type [-Wincompatible-pointer-types]
     linkread, linklist, moj_unlink, moj_rename, moj_remove, cpcat, sysinfo, shellinfo, proc, pids, pinfo, waitone, waitall, pipes, zunanji_ukaz
                         ^
Naloga1.c:54:25: note: (near initialization for 'tabela_kazalcev_funkcij_ukazov[19]')
Naloga1.c:54:37: warning: initialization from incompatible pointer type [-Wincompatible-pointer-types]
     linkread, linklist, moj_unlink, moj_rename, moj_remove, cpcat, sysinfo, shellinfo, proc, pids, pinfo, waitone, waitall, pipes, zunanji_ukaz
                                     ^
Naloga1.c:54:37: note: (near initialization for 'tabela_kazalcev_funkcij_ukazov[20]')
Naloga1.c:54:49: warning: initialization from incompatible pointer type [-Wincompatible-pointer-types]
     linkread, linklist, moj_unlink, moj_rename, moj_remove, cpcat, sysinfo, shellinfo, proc, pids, pinfo, waitone, waitall, pipes, zunanji_ukaz
                                                 ^
Naloga1.c:54:49: note: (near initialization for 'tabela_kazalcev_funkcij_ukazov[21]')
Naloga1.c:54:61: warning: initialization from incompatible pointer type [-Wincompatible-pointer-types]
     linkread, linklist, moj_unlink, moj_rename, moj_remove, cpcat, sysinfo, shellinfo, proc, pids, pinfo, waitone, waitall, pipes, zunanji_ukaz
                                                             ^
Naloga1.c:54:61: note: (near initialization for 'tabela_kazalcev_funkcij_ukazov[22]')
Naloga1.c:54:68: warning: initialization from incompatible pointer type [-Wincompatible-pointer-types]
     linkread, linklist, moj_unlink, moj_rename, moj_remove, cpcat, sysinfo, shellinfo, proc, pids, pinfo, waitone, waitall, pipes, zunanji_ukaz
                                                                    ^
Naloga1.c:54:68: note: (near initialization for 'tabela_kazalcev_funkcij_ukazov[23]')
Naloga1.c:54:77: warning: initialization from incompatible pointer type [-Wincompatible-pointer-types]
     linkread, linklist, moj_unlink, moj_rename, moj_remove, cpcat, sysinfo, shellinfo, proc, pids, pinfo, waitone, waitall, pipes, zunanji_ukaz
                                                                             ^
Naloga1.c:54:77: note: (near initialization for 'tabela_kazalcev_funkcij_ukazov[24]')
Naloga1.c:54:88: warning: initialization from incompatible pointer type [-Wincompatible-pointer-types]
     linkread, linklist, moj_unlink, moj_rename, moj_remove, cpcat, sysinfo, shellinfo, proc, pids, pinfo, waitone, waitall, pipes, zunanji_ukaz
                                                                                        ^
Naloga1.c:54:88: note: (near initialization for 'tabela_kazalcev_funkcij_ukazov[25]')
Naloga1.c:54:94: warning: initialization from incompatible pointer type [-Wincompatible-pointer-types]
     linkread, linklist, moj_unlink, moj_rename, moj_remove, cpcat, sysinfo, shellinfo, proc, pids, pinfo, waitone, waitall, pipes, zunanji_ukaz
                                                                                              ^
Naloga1.c:54:94: note: (near initialization for 'tabela_kazalcev_funkcij_ukazov[26]')
Naloga1.c:54:100: warning: initialization from incompatible pointer type [-Wincompatible-pointer-types]
     linkread, linklist, moj_unlink, moj_rename, moj_remove, cpcat, sysinfo, shellinfo, proc, pids, pinfo, waitone, waitall, pipes, zunanji_ukaz
                                                                                                    ^
Naloga1.c:54:100: note: (near initialization for 'tabela_kazalcev_funkcij_ukazov[27]')
Naloga1.c:54:107: warning: initialization from incompatible pointer type [-Wincompatible-pointer-types]
     linkread, linklist, moj_unlink, moj_rename, moj_remove, cpcat, sysinfo, shellinfo, proc, pids, pinfo, waitone, waitall, pipes, zunanji_ukaz
                                                                                                           ^
Naloga1.c:54:107: note: (near initialization for 'tabela_kazalcev_funkcij_ukazov[28]')
Naloga1.c:54:116: warning: initialization from incompatible pointer type [-Wincompatible-pointer-types]
     linkread, linklist, moj_unlink, moj_rename, moj_remove, cpcat, sysinfo, shellinfo, proc, pids, pinfo, waitone, waitall, pipes, zunanji_ukaz
                                                                                                                    ^
Naloga1.c:54:116: note: (near initialization for 'tabela_kazalcev_funkcij_ukazov[29]')
Naloga1.c:54:125: warning: initialization from incompatible pointer type [-Wincompatible-pointer-types]
     linkread, linklist, moj_unlink, moj_rename, moj_remove, cpcat, sysinfo, shellinfo, proc, pids, pinfo, waitone, waitall, pipes, zunanji_ukaz
                                                                                                                             ^
Naloga1.c:54:125: note: (near initialization for 'tabela_kazalcev_funkcij_ukazov[30]')
Naloga1.c:54:132: warning: initialization from incompatible pointer type [-Wincompatible-pointer-types]
     linkread, linklist, moj_unlink, moj_rename, moj_remove, cpcat, sysinfo, shellinfo, proc, pids, pinfo, waitone, waitall, pipes, zunanji_ukaz
                                                                                                                                    ^
Naloga1.c:54:132: note: (near initialization for 'tabela_kazalcev_funkcij_ukazov[31]')
Naloga1.c: In function 'main':
Naloga1.c:856:24: warning: assignment makes integer from pointer without a cast [-Wint-conversion]
         *izhodni_izpis = NULL;
                        ^
